<?xml version="1.0" encoding="UTF-8"?>
<testsuite xmlns:xsi="http://www.w3.org/2001/XMLSchema-instance" xsi:noNamespaceSchemaLocation="https://maven.apache.org/surefire/maven-surefire-plugin/xsd/surefire-test-report.xsd" name="com.udea.virtualfaker.VirtualfakerApplicationTests" time="9.266" tests="7" errors="0" skipped="0" failures="0">
  <properties>
[...]
</properties>
  <testcase name="nationLength" classname="com.udea.virtualfaker.VirtualfakerApplicationTests" time="2.415"/>
  <testcase name="currenciesLength" classname="com.udea.virtualfaker.VirtualfakerApplicationTests" time="1.146"/>
  <testcase name="health" classname="com.udea.virtualfaker.VirtualfakerApplicationTests" time="0.007"/>
  <testcase name="aviationLength" classname="com.udea.virtualfaker.VirtualfakerApplicationTests" time="0.726"/>
  <testcase name="version" classname="com.udea.virtualfaker.VirtualfakerApplicationTests" time="0.001"/>
  <testcase name="testRandomCurrenciesCodeFormat" classname="com.udea.virtualfaker.VirtualfakerApplicationTests" time="0.899"/>
  <testcase name="testRandomNationsPerformance" classname="com.udea.virtualfaker.VirtualfakerApplicationTests" time="0.697"/>
</testsuite>